[20170506-00-07-17] select * from `peptides`  limit 0, 10
[20170506-00-07-17] select * from `peptides`  limit 0, 10
[20170506-00-08-08] select * from `peptides`  where  title='kcm12'  limit 0, 10
[20170506-00-10-35] select * from `peptides`  where  title='kcm12'  limit 10, 10
[20170506-00-14-18] select * from `peptides`  limit 0, 10
[20170506-00-23-06] select * from `peptides`  limit 0, 10
[20170506-00-24-09] select * from `peptides`  limit 0, 10
[20170506-00-32-05] select * from `peptides`  limit 0, 10
[20170506-00-32-05] select * from `peptides`  limit 0, 10
[20170506-00-32-09] select * from `peptides`  limit 0, 10
[20170506-00-32-24] select * from `peptides`  where  title='kcm12'  limit 0, 10
[20170506-00-44-34] select * from `peptides`  limit 0, 10
[20170506-00-44-44] select * from `peptides`  where  title like '%qwe%'  limit 0, 10
[20170506-00-46-30] select * from `peptides`  where  title like '%qwe%'  limit 2, 10
[20170506-00-47-02] select * from `peptides`  where  title like '%qwe%'  limit 2, 10
[20170506-00-48-17] select * from `peptides`  where  title like '%qwe%'  limit 2, 10
[20170506-00-48-23] select * from `peptides`  where  title like '%kcm%'  limit 2, 10
[20170506-00-48-50] select * from `peptides`  limit 0, 10
[20170506-00-48-57] select * from `peptides`  where  title like '%qw%'  limit 0, 10
[20170506-00-56-46] select * from `peptides`  limit 0, 10
[20170506-00-57-15] select * from `peptides`  limit 0, 10
[20170506-01-00-09] select * from `peptides`  where  and length='10-50'  limit 0, 10
[20170506-01-06-53] select * from `peptides`  where  title like '%kcm%'  and length> limit 2, 10
[20170506-01-08-22] select * from `peptides`  where  title like '%kcm%'  and length> limit 2, 10
[20170506-01-08-23] select * from `peptides`  where  title like '%kcm%'  and length> limit 2, 10
[20170506-01-08-53] select * from `peptides`  where  title like '%kcm%'  and length> limit 2, 10
[20170506-01-09-10] select * from `peptides`  where  and length>1 and length<0 limit 0, 10
[20170506-01-10-11] array (
  0 => '10',
  1 => '50',
)
[20170506-01-10-11] select * from `peptides`  where  and length>1 and length<0 limit 0, 10
[20170506-01-10-42] array (
  0 => '10',
  1 => '50',
)
[20170506-01-10-42] select * from `peptides`  where  and length>10 and length<50 limit 0, 10
[20170506-01-13-16] array (
  0 => '10',
  1 => '50',
)
[20170506-01-13-16] select * from `peptides`  where  and length>10 and length<50 limit 0, 10
[20170506-01-14-29] array (
  0 => '10',
  1 => '50',
)
[20170506-01-14-29] select * from `peptides`  where  length>10 and length<50 limit 0, 10
[20170506-01-15-53] array (
  0 => '10',
  1 => '50',
)
[20170506-01-15-53] select * from `peptides`  where  length>10 and length<50 limit 0, 10
[20170506-01-16-07] array (
  0 => '10',
  1 => '50',
)
[20170506-01-16-07] select * from `peptides`  where  length>10 and length<50 limit 0, 10
[20170506-01-16-15] array (
  0 => '10',
  1 => '50',
)
[20170506-01-16-15] select * from `peptides`  where  length>10 and length<50 limit 0, 10
[20170506-01-17-53] array (
  0 => '0',
  1 => '10',
)
[20170506-01-17-53] select * from `peptides`  where  length>0 and length<10 limit 0, 10
[20170506-01-19-05] array (
  0 => '',
)
[20170506-01-19-05] select * from `peptides`  where  length> limit 0, 10
[20170506-01-20-43] array (
  0 => '',
)
[20170506-01-20-43] select * from `peptides`  limit 0, 10
[20170506-01-20-57] array (
  0 => '500',
  1 => '',
)
[20170506-01-20-57] select * from `peptides`  where  length>500 and length< limit 0, 10
[20170506-01-27-40] array (
  0 => '',
)
[20170506-01-27-40] select * from `peptides`  limit 0, 10
[20170506-01-27-43] array (
  0 => '500',
  1 => '',
)
[20170506-01-27-43] select * from `peptides`  where  length>500 limit 0, 10
[20170506-01-29-55] array (
  0 => '500',
  1 => '',
)
[20170506-01-29-55] select * from `peptides`  where  title like '%k%'   and   and   and   and   and   and  length>500 limit 0, 10
[20170506-01-32-35] array (
  0 => '500',
  1 => '',
)
[20170506-01-32-35] select * from `peptides`  where  title like '%k%'   and  length>500 limit 0, 10
[20170506-01-33-13] array (
  0 => '500',
  1 => '',
)
[20170506-01-33-13] select * from `peptides`  where  title like '%k%'   and  length>500 limit 10, 10
[20170506-11-04-57] array (
  0 => '',
)
[20170506-11-04-57] select * from `peptides`  limit 0, 10
[20170506-11-06-01] array (
  0 => '',
)
[20170506-11-06-01] select * from `peptides`  limit 0, 10
[20170506-11-06-36] array (
  0 => '',
)
[20170506-11-06-36] select * from `peptides`  limit 0, 10
[20170506-11-07-46] array (
  0 => '',
)
[20170506-11-07-46] select * from `peptides`  limit 0, 10
[20170506-11-08-13] array (
  0 => '',
)
[20170506-11-08-13] select * from `peptides`  limit 0, 10
[20170506-11-08-30] array (
  0 => '',
)
[20170506-11-08-30] select * from `peptides`  limit 0, 10
[20170506-11-09-38] array (
  0 => '',
)
[20170506-11-09-38] select * from `peptides`  limit 10, 10
[20170506-11-09-40] array (
  0 => '',
)
[20170506-11-09-40] select * from `peptides`  limit 20, 10
[20170506-11-18-01] array (
  0 => '',
)
[20170506-11-18-01]  1  where  1 
[20170506-11-18-35] array (
  0 => '',
)
[20170506-11-18-35]  where  1 
[20170506-11-18-44] array (
  0 => '',
)
[20170506-11-18-44]  where  title like '%k%' 
[20170506-11-18-48] array (
  0 => '',
)
[20170506-11-18-48]  where  title like '%k%' 
[20170506-11-18-49] array (
  0 => '',
)
[20170506-11-18-49]  where  title like '%k%' 
[20170506-11-18-55] array (
  0 => '',
)
[20170506-11-18-55]  where  title like '%h%' 
[20170506-11-22-10] array (
  0 => '',
)
[20170506-11-22-10]  where  title like '%我%' 
[20170506-11-22-14] array (
  0 => '',
)
[20170506-11-22-14]  where  1 
[20170506-11-32-57] array (
  0 => '',
)
[20170506-11-32-57]  where  1 
[20170506-11-40-53] array (
  0 => '',
)
[20170506-11-40-53]  where  1 
[20170506-11-42-12] array (
  0 => '',
)
[20170506-11-42-12]  where  1 
[20170506-11-42-36] array (
  0 => '',
)
[20170506-11-42-36]  where  1 
[20170506-11-46-03] array (
  0 => '',
)
[20170506-11-46-03]  where  1 
[20170506-11-46-44] array (
  0 => '',
)
[20170506-11-46-44]  where  1 
[20170506-11-47-26] array (
  0 => '',
)
[20170506-11-47-26]  where  1 
[20170506-11-48-35] array (
  0 => '',
)
[20170506-11-48-35]  where  1 
[20170506-11-49-05] array (
  0 => '',
)
[20170506-11-49-05]  where  1 
[20170506-11-49-16] array (
  0 => '',
)
[20170506-11-49-16]  where  1 
[20170506-11-50-16] array (
  0 => '',
)
[20170506-11-50-16]  where  1 
[20170506-11-50-43] array (
  0 => '',
)
[20170506-11-50-43]  where  1 
[20170506-11-52-06] array (
  0 => '',
)
[20170506-11-52-06]  where  1 
[20170506-11-53-18] array (
  0 => '',
)
[20170506-11-53-18]  where  1 
[20170506-11-53-47] array (
  0 => '',
)
[20170506-11-53-47]  where  1 
[20170506-11-54-22] array (
  0 => '',
)
[20170506-11-54-22]  where  1 
[20170506-11-54-38] array (
  0 => '',
)
[20170506-11-54-38]  where  1 
[20170506-11-55-08] array (
  0 => '',
)
[20170506-11-55-08]  where  1 
[20170506-11-55-27] array (
  0 => '',
)
[20170506-11-55-27]  where  1 
[20170506-11-55-40] array (
  0 => '',
)
[20170506-11-55-40]  where  1 
[20170506-11-56-12] array (
  0 => '',
)
[20170506-11-56-12]  where  1 
[20170506-11-58-05] array (
  0 => '',
)
[20170506-11-58-05]  where  1 
[20170506-11-58-38] array (
  0 => '',
)
[20170506-11-58-38]  where  1 
[20170506-11-58-48] array (
  0 => '',
)
[20170506-11-58-48]  where  1 
[20170506-12-01-50] array (
  0 => '',
)
[20170506-12-01-50]  where  1 
[20170506-12-02-18] array (
  0 => '',
)
[20170506-12-02-18]  where  1 
[20170506-12-03-28] array (
  0 => '',
)
[20170506-12-03-28]  where  1 
[20170506-12-04-09] array (
  0 => '',
)
[20170506-12-04-09]  where  1 
[20170506-12-06-43] array (
  0 => '',
)
[20170506-12-06-43]  where  1 
[20170506-12-17-52] array (
  0 => '',
)
[20170506-12-17-52]  where  1 
[20170506-12-18-17] array (
  0 => '',
)
[20170506-12-18-17]  where  1 
[20170506-12-18-50] array (
  0 => '',
)
[20170506-12-18-50]  where  1 
[20170506-12-18-51] array (
  0 => '',
)
[20170506-12-18-51]  where  1 
[20170506-12-18-57] array (
  0 => '',
)
[20170506-12-18-57]  where  1 
[20170506-12-19-04] array (
  0 => '',
)
[20170506-12-19-04]  where  1 
[20170506-12-19-29] array (
  0 => '',
)
[20170506-12-19-29]  where  1 
[20170506-12-19-31] array (
  0 => '',
)
[20170506-12-19-31]  where  1 
[20170506-12-21-05] array (
  0 => '',
)
[20170506-12-21-05]  where  1 
[20170506-12-22-09] array (
  0 => '',
)
[20170506-12-22-09]  where  1 
[20170506-12-22-10] array (
  0 => '',
)
[20170506-12-22-10]  where  1 
[20170506-12-25-45] array (
  0 => '',
)
[20170506-12-25-45]  where  1 
[20170506-12-25-47] array (
  0 => '',
)
[20170506-12-25-47]  where  1 
[20170506-12-26-11] array (
  0 => '',
)
[20170506-12-26-11]  where  1 
[20170506-12-26-40] array (
  0 => '',
)
[20170506-12-26-40]  where  1 
[20170506-12-26-59] array (
  0 => '',
)
[20170506-12-26-59]  where  1 
[20170506-12-27-01] array (
  0 => '',
)
[20170506-12-27-01]  where  1 
[20170506-12-28-40] array (
  0 => '',
)
[20170506-12-28-40]  where  1 
[20170506-12-28-57] array (
  0 => '',
)
[20170506-12-28-57]  where  1 
[20170506-12-29-00] array (
  0 => '',
)
[20170506-12-29-00]  where  1 
[20170506-12-29-02] array (
  0 => '',
)
[20170506-12-29-02]  where  1 
[20170506-12-29-03] array (
  0 => '',
)
[20170506-12-29-03]  where  1 
[20170506-12-29-04] array (
  0 => '',
)
[20170506-12-29-05]  where  1 
[20170506-12-29-57] array (
  0 => '',
)
[20170506-12-29-57]  where  1 
[20170506-12-29-59] array (
  0 => '',
)
[20170506-12-29-59]  where  1 
[20170506-12-35-40] array (
  0 => '',
)
[20170506-12-35-40]  where  1 
[20170506-12-35-49] array (
  0 => '',
)
[20170506-12-35-49]  where  1 
[20170506-12-36-05] array (
  0 => '',
)
[20170506-12-36-05]  where  1 
[20170506-12-36-24] array (
  0 => '',
)
[20170506-12-36-24]  where  1 
[20170506-12-39-51] array (
  0 => '',
)
[20170506-12-39-51]  where  1 
[20170506-12-40-05] array (
  0 => '',
)
[20170506-12-40-05]  where  1 
[20170506-12-45-35] array (
  0 => '',
)
[20170506-12-45-35]  where  1 
[20170506-12-47-20] array (
  0 => '',
)
[20170506-12-47-20]  where  1 
[20170506-13-06-44] array (
  0 => '',
)
[20170506-13-06-44]  where  1 
[20170506-13-07-05] array (
  0 => '',
)
[20170506-13-07-05]  where  1 
[20170506-13-08-38] array (
  0 => '',
)
[20170506-13-08-38]  where  1 
[20170506-13-08-59] array (
  0 => '',
)
[20170506-13-08-59]  where  1 
[20170506-13-10-38] array (
  0 => '',
)
[20170506-13-10-38]  where  1 
[20170506-13-10-47] array (
  0 => '',
)
[20170506-13-10-47]  where  1 
[20170506-13-10-55] array (
  0 => '',
)
[20170506-13-10-55]  where  1 
[20170506-13-11-11] array (
  0 => '',
)
[20170506-13-11-11]  where  1 
[20170506-13-12-45] array (
  0 => '',
)
[20170506-13-12-45]  where  1 
[20170506-13-12-49] array (
  0 => '',
)
[20170506-13-12-49]  where  1 
[20170506-13-17-21] array (
  0 => '',
)
[20170506-13-17-21]  where  1 
[20170506-13-17-54] array (
  0 => '',
)
[20170506-13-17-54]  where  1 
[20170506-13-18-05] array (
  0 => '',
)
[20170506-13-18-05]  where  1 
[20170506-13-18-54] array (
  0 => '',
)
[20170506-13-18-54]  where  1 
[20170506-13-19-04] array (
  0 => '10',
  1 => '50',
)
[20170506-13-19-04]  where  length>10  and  length<50
[20170506-13-19-54] array (
  0 => '',
)
[20170506-13-19-54]  where  1 
[20170506-13-23-05] array (
  0 => '',
)
[20170506-13-23-05]  where  1 
[20170506-13-23-34] array (
  0 => '',
)
[20170506-13-23-34]  where  1 
[20170506-13-23-47] array (
  0 => '',
)
[20170506-13-23-47]  where  1 
[20170506-13-24-41] array (
  0 => '',
)
[20170506-13-24-41]  where  1 
[20170506-13-25-21] array (
  0 => '',
)
[20170506-13-25-21]  where  1 
[20170506-13-26-23] array (
  0 => '',
)
[20170506-13-26-23]  where  1 
[20170506-13-28-55] array (
  0 => '',
)
[20170506-13-28-55]  where  1 
[20170506-13-29-01] array (
  0 => '',
)
[20170506-13-29-01]  where  1 
[20170506-13-29-33] array (
  0 => '',
)
[20170506-13-29-33]  where  1 
[20170506-13-29-38] array (
  0 => '',
)
[20170506-13-29-38]  where  1 
[20170506-13-29-40] array (
  0 => '',
)
[20170506-13-29-40]  where  1 
[20170506-13-29-47] array (
  0 => '',
)
[20170506-13-29-47]  where  1 
[20170506-13-30-00] array (
  0 => '',
)
[20170506-13-30-00]  where  1 
[20170506-13-30-04] array (
  0 => '',
)
[20170506-13-30-04]  where  1 
[20170506-13-30-05] array (
  0 => '',
)
[20170506-13-30-05]  where  1 
[20170506-13-30-16] array (
  0 => '',
)
[20170506-13-30-16]  where  1 
[20170506-13-30-19] array (
  0 => '',
)
[20170506-13-30-19]  where  1 
[20170506-13-30-41] array (
  0 => '',
)
[20170506-13-30-41]  where  1 
